<?xml version="1.0" encoding="UTF-8"?>
<!-- Generated by org.testng.reporters.JUnitReportReporter -->
<testsuite skipped="0" hostname="DESKTOP-2TQFBEG" name="com.pss.admin.AdminUserCreation.MultiUsersCreationAndPasswordChangeAdminTest" tests="8" failures="0" timestamp="2023-06-26T15:57:39 IST" time="890.924" errors="0">
  <testcase name="toMultiUserCreation" time="110.362" classname="com.pss.admin.AdminUserCreation.MultiUsersCreationAndPasswordChangeAdminTest"/>
  <testcase name="toMultiUserCreation" time="110.200" classname="com.pss.admin.AdminUserCreation.MultiUsersCreationAndPasswordChangeAdminTest"/>
  <testcase name="toMultiUserCreation" time="109.549" classname="com.pss.admin.AdminUserCreation.MultiUsersCreationAndPasswordChangeAdminTest"/>
  <testcase name="toMultiUserCreation" time="110.713" classname="com.pss.admin.AdminUserCreation.MultiUsersCreationAndPasswordChangeAdminTest"/>
  <testcase name="toMultiUserCreation" time="110.411" classname="com.pss.admin.AdminUserCreation.MultiUsersCreationAndPasswordChangeAdminTest"/>
  <testcase name="toMultiUserCreation" time="109.444" classname="com.pss.admin.AdminUserCreation.MultiUsersCreationAndPasswordChangeAdminTest"/>
  <testcase name="toMultiUserCreation" time="120.138" classname="com.pss.admin.AdminUserCreation.MultiUsersCreationAndPasswordChangeAdminTest"/>
  <testcase name="toMultiUserCreation" time="110.107" classname="com.pss.admin.AdminUserCreation.MultiUsersCreationAndPasswordChangeAdminTest"/>
</testsuite> <!-- com.pss.admin.AdminUserCreation.MultiUsersCreationAndPasswordChangeAdminTest -->
