<?xml version="1.0" encoding="UTF-8"?>
<!-- Generated by org.testng.reporters.JUnitReportReporter -->
<testsuite skipped="0" hostname="DESKTOP-2TQFBEG" name="com.pss.lims.sm.InternalForwardFlow.MultiTestsJobAllotment" tests="1" failures="0" timestamp="2023-06-26T17:28:13 IST" time="359.586" errors="0">
  <testcase name="createJobAllotment" time="359.586" classname="com.pss.lims.sm.InternalForwardFlow.MultiTestsJobAllotment"/>
</testsuite> <!-- com.pss.lims.sm.InternalForwardFlow.MultiTestsJobAllotment -->
