<?xml version="1.0" encoding="UTF-8"?>
<!-- Generated by org.testng.reporters.JUnitReportReporter -->
<testsuite skipped="0" hostname="DESKTOP-2TQFBEG" name="com.pss.lims.PropertiesFileUpdate.UsersPropertiesFileUpdate" tests="1" failures="0" timestamp="2023-06-27T16:17:05 IST" time="0.254" errors="0">
  <testcase name="UsersUpdate" time="0.254" classname="com.pss.lims.PropertiesFileUpdate.UsersPropertiesFileUpdate"/>
</testsuite> <!-- com.pss.lims.PropertiesFileUpdate.UsersPropertiesFileUpdate -->
